<?xml version="1.0" encoding="UTF-8" ?>
<testsuite tests="2" failures="0" name="eapli.base.ordermanagement.domain.TotalAmountWithoutTaxesTest" time="0" errors="0" skipped="0">
  <properties>
[...]
</properties>
  <testcase classname="eapli.base.ordermanagement.domain.TotalAmountWithoutTaxesTest" name="ensureTotalAmountWithoutTaxesHasRightValue" time="0"/>
  <testcase classname="eapli.base.ordermanagement.domain.TotalAmountWithoutTaxesTest" name="ensureTotalAmountWithoutTaxesMustBeGreater0" time="0"/>
</testsuite>